app/build/intermediates/manifest_merge_blame_file/debug/manifest-merger-blame-debug-report.txt
1<?xml version="1.0" encoding="utf-8"?>
2<manifest xmlns:android="http://schemas.android.com/apk/res/android"
3    package="com.example.kream.kotlin"
4    android:versionCode="1"
5    android:versionName="1.0" >
6
7    <uses-sdk
8        android:minSdkVersion="24"
8-->src\main\AndroidManifest.xml
9        android:targetSdkVersion="30" />
9-->src\main\AndroidManifest.xml
10
11    <uses-permission android:name="android.permission.INTERNET" />
11-->src\main\AndroidManifest.xml:6:5-67
11-->src\main\AndroidManifest.xml:6:22-64
12    <uses-permission android:name="android.permission.REORDER_TASKS" />
12-->[androidx.fragment:fragment-testing:1.3.0] AndroidManifest.xml:25:5-72
12-->[androidx.fragment:fragment-testing:1.3.0] AndroidManifest.xml:25:22-69
13
14    <application
14-->src\main\AndroidManifest.xml:8:5-54:19
15        android:name="com.example.kream.kotlin.config.ApplicationClass"
15-->src\main\AndroidManifest.xml:9:9-72
16        android:allowBackup="false"
16-->src\main\AndroidManifest.xml:10:9-36
17        android:appComponentFactory="androidx.core.app.CoreComponentFactory"
17-->[androidx.core:core:1.6.0] AndroidManifest.xml:24:18-86
18        android:debuggable="true"
19        android:extractNativeLibs="false"
20        android:icon="@drawable/app_logo"
20-->src\main\AndroidManifest.xml:11:9-42
21        android:label="@string/app_name"
21-->src\main\AndroidManifest.xml:13:9-41
22        android:networkSecurityConfig="@xml/network_security_config"
22-->src\main\AndroidManifest.xml:14:9-69
23        android:roundIcon="@drawable/app_logo"
23-->src\main\AndroidManifest.xml:12:9-47
24        android:supportsRtl="true"
24-->src\main\AndroidManifest.xml:15:9-35
25        android:testOnly="true"
26        android:theme="@style/AppTheme"
26-->src\main\AndroidManifest.xml:16:9-40
27        android:usesCleartextTraffic="true" >
27-->src\main\AndroidManifest.xml:18:9-44
28        <activity android:name="com.example.kream.kotlin.src.main.login.LoginActivity" >
28-->src\main\AndroidManifest.xml:21:9-23:20
28-->src\main\AndroidManifest.xml:21:19-63
29        </activity>
30        <activity
30-->src\main\AndroidManifest.xml:25:9-36:20
31            android:name="com.example.kream.kotlin.src.main.MainActivity"
31-->src\main\AndroidManifest.xml:26:13-74
32            android:screenOrientation="portrait"
32-->src\main\AndroidManifest.xml:27:13-49
33            android:theme="@style/SplashTheme" >
33-->src\main\AndroidManifest.xml:28:13-47
34            <intent-filter>
34-->src\main\AndroidManifest.xml:29:13-33:29
35                <action android:name="android.intent.action.MAIN" />
35-->src\main\AndroidManifest.xml:30:17-69
35-->src\main\AndroidManifest.xml:30:25-66
36
37                <category android:name="android.intent.category.LAUNCHER" />
37-->src\main\AndroidManifest.xml:32:17-77
37-->src\main\AndroidManifest.xml:32:27-74
38            </intent-filter>
39        </activity>
40        <activity android:name="com.example.kream.kotlin.src.main.signUp.SignUpActivity" />
40-->src\main\AndroidManifest.xml:38:9-67
40-->src\main\AndroidManifest.xml:38:19-65
41        <activity android:name="com.example.kream.kotlin.src.main.shop_product.ShopProductActivity" />
41-->src\main\AndroidManifest.xml:40:9-78
41-->src\main\AndroidManifest.xml:40:19-76
42        <activity android:name="com.example.kream.kotlin.src.main.SettingActivity" />
42-->src\main\AndroidManifest.xml:42:9-61
42-->src\main\AndroidManifest.xml:42:19-59
43        <activity android:name="com.example.kream.kotlin.src.main.BuyCheckActivity" />
43-->src\main\AndroidManifest.xml:44:9-62
43-->src\main\AndroidManifest.xml:44:19-60
44        <activity android:name="com.example.kream.kotlin.src.main.buy_now.BuyNowActivity" />
44-->src\main\AndroidManifest.xml:46:9-68
44-->src\main\AndroidManifest.xml:46:19-66
45        <activity android:name="com.example.kream.kotlin.src.main.CheckoutActivity" />
45-->src\main\AndroidManifest.xml:48:9-62
45-->src\main\AndroidManifest.xml:48:19-60
46        <activity android:name="com.example.kream.kotlin.src.main.address.AddAddressActivity" />
46-->src\main\AndroidManifest.xml:50:9-72
46-->src\main\AndroidManifest.xml:50:19-70
47        <activity android:name="com.example.kream.kotlin.src.main.PurchaseDoneActivity" />
47-->src\main\AndroidManifest.xml:52:9-66
47-->src\main\AndroidManifest.xml:52:19-64
48        <activity
48-->[androidx.fragment:fragment-testing:1.3.0] AndroidManifest.xml:28:9-37:20
49            android:name="androidx.fragment.app.testing.FragmentScenario$EmptyFragmentActivity"
49-->[androidx.fragment:fragment-testing:1.3.0] AndroidManifest.xml:29:13-96
50            android:exported="true"
50-->[androidx.fragment:fragment-testing:1.3.0] AndroidManifest.xml:30:13-36
51            android:multiprocess="true"
51-->[androidx.fragment:fragment-testing:1.3.0] AndroidManifest.xml:31:13-40
52            android:taskAffinity=""
52-->[androidx.fragment:fragment-testing:1.3.0] AndroidManifest.xml:32:13-36
53            android:theme="@style/FragmentScenarioEmptyFragmentActivityTheme" >
53-->[androidx.fragment:fragment-testing:1.3.0] AndroidManifest.xml:33:13-78
54            <intent-filter>
54-->[androidx.fragment:fragment-testing:1.3.0] AndroidManifest.xml:34:13-36:29
55                <action android:name="android.intent.action.MAIN" />
55-->src\main\AndroidManifest.xml:30:17-69
55-->src\main\AndroidManifest.xml:30:25-66
56            </intent-filter>
57        </activity>
58        <activity
58-->[androidx.test:core:1.3.0] AndroidManifest.xml:27:9-33:20
59            android:name="androidx.test.core.app.InstrumentationActivityInvoker$BootstrapActivity"
59-->[androidx.test:core:1.3.0] AndroidManifest.xml:28:13-99
60            android:theme="@android:style/Theme" >
60-->[androidx.test:core:1.3.0] AndroidManifest.xml:29:13-49
61            <intent-filter>
61-->[androidx.fragment:fragment-testing:1.3.0] AndroidManifest.xml:34:13-36:29
62                <action android:name="android.intent.action.MAIN" />
62-->src\main\AndroidManifest.xml:30:17-69
62-->src\main\AndroidManifest.xml:30:25-66
63            </intent-filter>
64        </activity>
65        <activity
65-->[androidx.test:core:1.3.0] AndroidManifest.xml:34:9-40:20
66            android:name="androidx.test.core.app.InstrumentationActivityInvoker$EmptyActivity"
66-->[androidx.test:core:1.3.0] AndroidManifest.xml:35:13-95
67            android:theme="@android:style/Theme" >
67-->[androidx.test:core:1.3.0] AndroidManifest.xml:36:13-49
68            <intent-filter>
68-->[androidx.fragment:fragment-testing:1.3.0] AndroidManifest.xml:34:13-36:29
69                <action android:name="android.intent.action.MAIN" />
69-->src\main\AndroidManifest.xml:30:17-69
69-->src\main\AndroidManifest.xml:30:25-66
70            </intent-filter>
71        </activity>
72        <activity
72-->[androidx.test:core:1.3.0] AndroidManifest.xml:41:9-47:20
73            android:name="androidx.test.core.app.InstrumentationActivityInvoker$EmptyFloatingActivity"
73-->[androidx.test:core:1.3.0] AndroidManifest.xml:42:13-103
74            android:theme="@android:style/Theme.Dialog" >
74-->[androidx.test:core:1.3.0] AndroidManifest.xml:43:13-56
75            <intent-filter>
75-->[androidx.fragment:fragment-testing:1.3.0] AndroidManifest.xml:34:13-36:29
76                <action android:name="android.intent.action.MAIN" />
76-->src\main\AndroidManifest.xml:30:17-69
76-->src\main\AndroidManifest.xml:30:25-66
77            </intent-filter>
78        </activity>
79    </application>
80
81</manifest>